{"target": 0.42944794532259756, "params": {"bagging_temperature": 0.38681193560547067, "depth": 7.736161245878612, "l2_leaf_reg": 2.9453687199297685, "max_ctr_complexity": 13.148159936743646, "model_size_reg": 0.9581830596778166, "random_strength": 0.21608949558037638}, "datetime": {"datetime": "2019-10-11 22:01:08", "elapsed": 0.0, "delta": 0.0}}
{"target": 0.42431816695919805, "params": {"bagging_temperature": 0.12484461456230252, "depth": 5.036043483182905, "l2_leaf_reg": 1.060833767955073, "max_ctr_complexity": 6.049670606714329, "model_size_reg": 0.5012943105612431, "random_strength": 0.7283879254107437}, "datetime": {"datetime": "2019-10-11 22:10:07", "elapsed": 539.15739, "delta": 539.15739}}
{"target": 0.42669194675088884, "params": {"bagging_temperature": 0.3735457954796997, "depth": 5.070958356444316, "l2_leaf_reg": 1.052906328720592, "max_ctr_complexity": 15.988204181233073, "model_size_reg": 0.5148235165739805, "random_strength": 0.22226452070916758}, "datetime": {"datetime": "2019-10-11 22:18:25", "elapsed": 1037.207324, "delta": 498.049934}}
{"target": 0.42735580042144644, "params": {"bagging_temperature": 0.021474507318886716, "depth": 9.978710807011659, "l2_leaf_reg": 1.1033543619433448, "max_ctr_complexity": 15.743913816427773, "model_size_reg": 1.1451118085686964, "random_strength": 0.992244031389974}, "datetime": {"datetime": "2019-10-11 22:37:25", "elapsed": 2176.876644, "delta": 1139.66932}}
{"target": 0.4348593585765368, "params": {"bagging_temperature": 0.041412650601924034, "depth": 9.996670416438558, "l2_leaf_reg": 2.9545491190558355, "max_ctr_complexity": 15.910052962310276, "model_size_reg": 0.6016373320475535, "random_strength": 0.02848594892100087}, "datetime": {"datetime": "2019-10-11 22:56:29", "elapsed": 3320.781215, "delta": 1143.904571}}
{"target": 0.433752935792274, "params": {"bagging_temperature": 0.26718462158448014, "depth": 9.778991687939365, "l2_leaf_reg": 2.8914087155599146, "max_ctr_complexity": 6.2863477500066764, "model_size_reg": 0.41542723667670334, "random_strength": 0.0368180124294194}, "datetime": {"datetime": "2019-10-11 23:15:05", "elapsed": 4437.238404, "delta": 1116.457189}}
{"target": 0.4366195766424091, "params": {"bagging_temperature": 0.013180582777768103, "depth": 9.871396718445153, "l2_leaf_reg": 2.9917013183082033, "max_ctr_complexity": 14.648456067879165, "model_size_reg": 0.43900511330286185, "random_strength": 0.9585394863740391}, "datetime": {"datetime": "2019-10-11 23:34:02", "elapsed": 5574.087111, "delta": 1136.848707}}
{"target": 0.43183178350323626, "params": {"bagging_temperature": 0.3447059557863742, "depth": 9.692930590480987, "l2_leaf_reg": 2.7953254255485005, "max_ctr_complexity": 15.968014937582891, "model_size_reg": 0.4755889584945145, "random_strength": 0.9977805387345766}, "datetime": {"datetime": "2019-10-11 23:53:10", "elapsed": 6721.820003, "delta": 1147.732892}}
{"target": 0.43512087668918065, "params": {"bagging_temperature": 0.009641042450758386, "depth": 9.496480041256259, "l2_leaf_reg": 2.9819227542233833, "max_ctr_complexity": 15.94690072451425, "model_size_reg": 0.4040180725360311, "random_strength": 0.049737451847073566}, "datetime": {"datetime": "2019-10-12 00:12:17", "elapsed": 7868.627183, "delta": 1146.80718}}
{"target": 0.4346883659644234, "params": {"bagging_temperature": 0.08018096435979416, "depth": 9.941024801327595, "l2_leaf_reg": 2.93976419160907, "max_ctr_complexity": 13.105912732274724, "model_size_reg": 0.4124841917892534, "random_strength": 0.07144639237380834}, "datetime": {"datetime": "2019-10-12 00:31:17", "elapsed": 9009.377688, "delta": 1140.750505}}
{"target": 0.43161049894638365, "params": {"bagging_temperature": 0.021479860368653236, "depth": 9.999177407966542, "l2_leaf_reg": 2.9840136296124093, "max_ctr_complexity": 12.628115527731875, "model_size_reg": 0.410123936487833, "random_strength": 0.8833637676052625}, "datetime": {"datetime": "2019-10-12 00:50:50", "elapsed": 10181.65936, "delta": 1172.281672}}
{"target": 0.4321234767827237, "params": {"bagging_temperature": 0.1771693866504272, "depth": 9.90319862028246, "l2_leaf_reg": 2.941192544255487, "max_ctr_complexity": 15.035104070572707, "model_size_reg": 0.4198956327396691, "random_strength": 0.14453539100717394}, "datetime": {"datetime": "2019-10-12 01:09:21", "elapsed": 11293.300844, "delta": 1111.641484}}
{"target": 0.43417538812808343, "params": {"bagging_temperature": 0.057886536232158475, "depth": 9.785614293994163, "l2_leaf_reg": 2.8996392989981397, "max_ctr_complexity": 15.371161654005812, "model_size_reg": 0.4334795478503109, "random_strength": 0.07818762993416051}, "datetime": {"datetime": "2019-10-12 01:27:52", "elapsed": 12403.610046, "delta": 1110.309202}}
{"target": 0.4296088795457631, "params": {"bagging_temperature": 0.002113415043305311, "depth": 9.969626324514824, "l2_leaf_reg": 2.874715458992513, "max_ctr_complexity": 15.734709808782883, "model_size_reg": 0.47987124899707007, "random_strength": 0.0984944737918203}, "datetime": {"datetime": "2019-10-12 01:46:44", "elapsed": 13535.40675, "delta": 1131.796704}}
{"target": 0.43563385452552056, "params": {"bagging_temperature": 0.35226960228809023, "depth": 9.927705603942437, "l2_leaf_reg": 2.9962582739567827, "max_ctr_complexity": 15.845250665655879, "model_size_reg": 0.4448574301105735, "random_strength": 0.9917716915191066}, "datetime": {"datetime": "2019-10-12 02:05:52", "elapsed": 14684.035461, "delta": 1148.628711}}
{"target": 0.43777629137141094, "params": {"bagging_temperature": 0.3276598121360899, "depth": 9.962693022657255, "l2_leaf_reg": 2.996730370305901, "max_ctr_complexity": 6.768219234436744, "model_size_reg": 0.4525805948723012, "random_strength": 0.26669190945436927}, "datetime": {"datetime": "2019-10-12 02:24:28", "elapsed": 15799.503424, "delta": 1115.467963}}
