{"target": 0.4193090892631727, "params": {"bagging_temperature": 2.9010895170410302, "depth": 7.18892899670289, "l2_leaf_reg": 4.890737439859537, "max_ctr_complexity": 11.862975930418012, "model_size_reg": 0.5988644122986354, "random_strength": 1.040223738950941}, "datetime": {"datetime": "2019-10-10 11:00:49", "elapsed": 0.0, "delta": 0.0}}
{"target": 0.4178204476988921, "params": {"bagging_temperature": 0.08123418647565506, "depth": 5.931701650983175, "l2_leaf_reg": 1.080317954021003, "max_ctr_complexity": 4.049000032044943, "model_size_reg": 0.7186642521435851, "random_strength": 2.713202573530001}, "datetime": {"datetime": "2019-10-10 11:09:01", "elapsed": 491.589223, "delta": 491.589223}}
{"target": 0.42101901538430575, "params": {"bagging_temperature": 2.8157247283094313, "depth": 8.972831601057845, "l2_leaf_reg": 4.953600671791806, "max_ctr_complexity": 14.943945443249797, "model_size_reg": 0.5601725755192013, "random_strength": 0.8140743090481377}, "datetime": {"datetime": "2019-10-10 11:23:46", "elapsed": 1376.510868, "delta": 884.921645}}
{"target": 0.4186050020368237, "params": {"bagging_temperature": 0.6717352797906435, "depth": 5.047836132948024, "l2_leaf_reg": 1.2433098034130299, "max_ctr_complexity": 14.974545755104467, "model_size_reg": 0.6899293176399351, "random_strength": 2.9336429633935817}, "datetime": {"datetime": "2019-10-10 11:32:23", "elapsed": 1893.464556, "delta": 516.953688}}
{"target": 0.4100855465980013, "params": {"bagging_temperature": 2.9288233643287254, "depth": 5.0249210208183595, "l2_leaf_reg": 2.011929449533776, "max_ctr_complexity": 8.782706856448904, "model_size_reg": 0.6396914608968762, "random_strength": 0.9942126865006327}, "datetime": {"datetime": "2019-10-10 12:08:03", "elapsed": 4033.621249, "delta": 2140.156693}}
{"target": 0.430131915771051, "params": {"bagging_temperature": 0.03452895820359825, "depth": 8.61403403068739, "l2_leaf_reg": 4.955979907966691, "max_ctr_complexity": 13.50850781572623, "model_size_reg": 0.29490824053830744, "random_strength": 0.74977578494778}, "datetime": {"datetime": "2019-10-10 12:23:23", "elapsed": 4954.086678, "delta": 920.465429}}
{"target": 0.4184541262026061, "params": {"bagging_temperature": 0.11633302887881414, "depth": 5.156237584115524, "l2_leaf_reg": 4.995597911523571, "max_ctr_complexity": 14.063559534355674, "model_size_reg": 0.3709035283933453, "random_strength": 2.710842344830646}, "datetime": {"datetime": "2019-10-10 12:31:48", "elapsed": 5458.526706, "delta": 504.440028}}
{"target": 0.4319021922258711, "params": {"bagging_temperature": 0.30078380369241575, "depth": 8.994311390218913, "l2_leaf_reg": 1.0308334015692644, "max_ctr_complexity": 14.188490831959474, "model_size_reg": 0.45035361220879966, "random_strength": 0.6733976583481243}, "datetime": {"datetime": "2019-10-10 12:47:13", "elapsed": 6384.207007, "delta": 925.680301}}
{"target": 0.43224417745009774, "params": {"bagging_temperature": 0.22653785187175268, "depth": 8.969091927023518, "l2_leaf_reg": 2.0899376776476823, "max_ctr_complexity": 14.685206743320798, "model_size_reg": 0.7178279588728096, "random_strength": 0.6363522608506853}, "datetime": {"datetime": "2019-10-10 13:02:22", "elapsed": 7293.010885, "delta": 908.803878}}
{"target": 0.4302224412715815, "params": {"bagging_temperature": 0.02960598582864249, "depth": 8.913946332158574, "l2_leaf_reg": 1.3854302377174115, "max_ctr_complexity": 14.997753381283037, "model_size_reg": 0.6473694862873483, "random_strength": 0.6802812332143905}, "datetime": {"datetime": "2019-10-10 13:17:32", "elapsed": 8202.796761, "delta": 909.785876}}
{"target": 0.4271747494203853, "params": {"bagging_temperature": 0.055706487873878, "depth": 8.742346163491662, "l2_leaf_reg": 1.127116079687195, "max_ctr_complexity": 14.907412081899851, "model_size_reg": 0.3219420885653294, "random_strength": 2.959406756806684}, "datetime": {"datetime": "2019-10-10 13:32:59", "elapsed": 9129.847216, "delta": 927.050455}}
{"target": 0.4304135506615905, "params": {"bagging_temperature": 0.11462828297411776, "depth": 8.873930444087337, "l2_leaf_reg": 1.1982388670859514, "max_ctr_complexity": 14.842166938498268, "model_size_reg": 0.5338751366500769, "random_strength": 0.5014138938559133}, "datetime": {"datetime": "2019-10-10 13:47:59", "elapsed": 10030.258022, "delta": 900.410806}}
{"target": 0.43026267482737285, "params": {"bagging_temperature": 0.03387122834264833, "depth": 8.94590798288946, "l2_leaf_reg": 4.2323080321967605, "max_ctr_complexity": 14.623147234700788, "model_size_reg": 0.7052434433837254, "random_strength": 0.9325287549869503}, "datetime": {"datetime": "2019-10-10 14:03:03", "elapsed": 10934.291933, "delta": 904.033911}}
{"target": 0.4309064117200347, "params": {"bagging_temperature": 0.04869259397035641, "depth": 8.955433624759143, "l2_leaf_reg": 4.180169922240521, "max_ctr_complexity": 14.950448050738153, "model_size_reg": 0.7377449875653651, "random_strength": 0.632144232436216}, "datetime": {"datetime": "2019-10-10 14:18:37", "elapsed": 11867.633154, "delta": 933.341221}}
{"target": 0.43223411906114995, "params": {"bagging_temperature": 0.07830802442831786, "depth": 8.83438573962156, "l2_leaf_reg": 1.3525903559475076, "max_ctr_complexity": 14.651071411746745, "model_size_reg": 0.4225627354255346, "random_strength": 0.5607520031227898}, "datetime": {"datetime": "2019-10-10 14:33:52", "elapsed": 12783.193806, "delta": 915.560652}}
{"target": 0.43029284999421635, "params": {"bagging_temperature": 0.06894065164457863, "depth": 8.833112912278079, "l2_leaf_reg": 1.586791593167248, "max_ctr_complexity": 14.874438874351618, "model_size_reg": 0.7468710085407613, "random_strength": 0.6331688565635112}, "datetime": {"datetime": "2019-10-10 14:49:19", "elapsed": 13710.429976, "delta": 927.23617}}
{"target": 0.42962899632365886, "params": {"bagging_temperature": 0.05666804704820294, "depth": 8.97972429512982, "l2_leaf_reg": 4.359485619324603, "max_ctr_complexity": 13.912682774468017, "model_size_reg": 0.746240976638976, "random_strength": 0.5575241469175323}, "datetime": {"datetime": "2019-10-10 15:04:17", "elapsed": 14607.679393, "delta": 897.249417}}
{"target": 0.42979998893577204, "params": {"bagging_temperature": 0.1786583181908048, "depth": 8.963421709526038, "l2_leaf_reg": 1.1920003276767064, "max_ctr_complexity": 14.916675969990772, "model_size_reg": 0.4257540876988408, "random_strength": 0.7029756163889576}, "datetime": {"datetime": "2019-10-10 15:19:34", "elapsed": 15524.999311, "delta": 917.319918}}
{"target": 0.4292568359325885, "params": {"bagging_temperature": 0.006152840344261112, "depth": 8.998111814985256, "l2_leaf_reg": 1.483561855702284, "max_ctr_complexity": 14.380492962514188, "model_size_reg": 0.3356942887593346, "random_strength": 0.5633064657281877}, "datetime": {"datetime": "2019-10-10 15:35:01", "elapsed": 16451.611528, "delta": 926.612217}}
{"target": 0.43053425132896456, "params": {"bagging_temperature": 0.05186314506339307, "depth": 8.785612978635752, "l2_leaf_reg": 1.435565166172676, "max_ctr_complexity": 14.794902520365401, "model_size_reg": 0.2533132777583879, "random_strength": 0.534220243051444}, "datetime": {"datetime": "2019-10-10 15:50:48", "elapsed": 17398.966225, "delta": 947.354697}}
{"target": 0.43232464456168046, "params": {"bagging_temperature": 0.07798366058431327, "depth": 8.99854937756604, "l2_leaf_reg": 1.8632190663664794, "max_ctr_complexity": 14.158544168852279, "model_size_reg": 0.48644069247840444, "random_strength": 0.5175496600788433}, "datetime": {"datetime": "2019-10-10 16:06:07", "elapsed": 18317.727529, "delta": 918.761304}}
{"target": 0.434467081407571, "params": {"bagging_temperature": 0.03458490013362592, "depth": 8.98921818583507, "l2_leaf_reg": 1.6519704174730916, "max_ctr_complexity": 14.95488298900587, "model_size_reg": 0.6588411267391062, "random_strength": 0.8158788096777208}, "datetime": {"datetime": "2019-10-10 16:21:06", "elapsed": 19216.689259, "delta": 898.96173}}
{"target": 0.4298301641026156, "params": {"bagging_temperature": 0.02077980766082166, "depth": 8.947199932242086, "l2_leaf_reg": 1.694930276120716, "max_ctr_complexity": 13.817088892709524, "model_size_reg": 0.4093350186165939, "random_strength": 0.5654720954278243}, "datetime": {"datetime": "2019-10-10 16:41:16", "elapsed": 20427.025908, "delta": 1210.336649}}
{"target": 0.429739638602085, "params": {"bagging_temperature": 0.1500066111951165, "depth": 8.993080818327906, "l2_leaf_reg": 2.666251767935008, "max_ctr_complexity": 14.773645423616491, "model_size_reg": 0.6816897144934464, "random_strength": 0.6274401159655012}, "datetime": {"datetime": "2019-10-10 17:10:16", "elapsed": 22166.863081, "delta": 1739.837173}}
{"target": 0.43347130090173447, "params": {"bagging_temperature": 0.033000437712376374, "depth": 8.942397732891406, "l2_leaf_reg": 1.2754826439882825, "max_ctr_complexity": 14.538364018832183, "model_size_reg": 0.5824964494551845, "random_strength": 0.5278369940497436}, "datetime": {"datetime": "2019-10-10 17:25:06", "elapsed": 23057.415953, "delta": 890.552872}}
{"target": 0.4228798173396567, "params": {"bagging_temperature": 0.1020763536846371, "depth": 14.999043647199358, "l2_leaf_reg": 1.2087028292204673, "max_ctr_complexity": 15.847954629987758, "model_size_reg": 0.9661545880174836, "random_strength": 0.33530323007632046}, "datetime": {"datetime": "2019-10-10 23:50:44", "elapsed": 46194.546116, "delta": 23137.130163}}
{"target": 0.43111763788793944, "params": {"bagging_temperature": 0.034997415813088885, "depth": 9.996441536558054, "l2_leaf_reg": 1.1460103874929493, "max_ctr_complexity": 11.420147000608495, "model_size_reg": 0.9615308768568206, "random_strength": 0.021679170861241492}, "datetime": {"datetime": "2019-10-11 00:41:15", "elapsed": 49225.770339, "delta": 3031.224223}}
{"target": 0.432988498232238, "params": {"bagging_temperature": 0.028791396121950585, "depth": 8.86414898593031, "l2_leaf_reg": 1.4372816445813263, "max_ctr_complexity": 15.943272673969588, "model_size_reg": 0.9902166295738798, "random_strength": 0.015253659383551055}, "datetime": {"datetime": "2019-10-11 00:56:14", "elapsed": 50124.781593, "delta": 899.011254}}
{"target": 0.43347130090173447, "params": {"bagging_temperature": 0.01661917766171315, "depth": 9.96702956832949, "l2_leaf_reg": 1.0079670758101695, "max_ctr_complexity": 15.976259841011272, "model_size_reg": 0.8379406817911061, "random_strength": 0.0800208188659226}, "datetime": {"datetime": "2019-10-11 01:14:25", "elapsed": 51216.424024, "delta": 1091.642431}}
{"target": 0.4332801915117254, "params": {"bagging_temperature": 0.03786486546965211, "depth": 9.184849545361823, "l2_leaf_reg": 1.1734584610594292, "max_ctr_complexity": 15.842723702787952, "model_size_reg": 0.9712069813324334, "random_strength": 0.0036643509260461116}, "datetime": {"datetime": "2019-10-11 01:32:41", "elapsed": 52312.138153, "delta": 1095.714129}}
{"target": 0.4299408063810419, "params": {"bagging_temperature": 0.003189883670330529, "depth": 9.017264574301596, "l2_leaf_reg": 1.0404435281353779, "max_ctr_complexity": 15.001784693456504, "model_size_reg": 0.9865620915255019, "random_strength": 0.07395327670095675}, "datetime": {"datetime": "2019-10-11 01:50:32", "elapsed": 53383.144215, "delta": 1071.006062}}
